[debug] [2023-03-20T09:51:01.076Z] ----------------------------------------------------------------------
[debug] [2023-03-20T09:51:01.078Z] Command:       /usr/bin/node /usr/bin/firebase init
[debug] [2023-03-20T09:51:01.078Z] CLI Version:   11.24.1
[debug] [2023-03-20T09:51:01.079Z] Platform:      linux
[debug] [2023-03-20T09:51:01.079Z] Node Version:  v16.19.1
[debug] [2023-03-20T09:51:01.079Z] Time:          Mon Mar 20 2023 15:21:01 GMT+0530 (India Standard Time)
[debug] [2023-03-20T09:51:01.079Z] ----------------------------------------------------------------------
[debug] 
[debug] [2023-03-20T09:51:01.164Z] > command requires scopes: ["email","openid","https://www.googleapis.com/auth/cloudplatformprojects.readonly","https://www.googleapis.com/auth/firebase","https://www.googleapis.com/auth/cloud-platform"]
[debug] [2023-03-20T09:51:01.165Z] > authorizing via signed-in user (ankitgupta96572@gmail.com)
[info] 
     ######## #### ########  ######## ########     ###     ######  ########
     ##        ##  ##     ## ##       ##     ##  ##   ##  ##       ##
     ######    ##  ########  ######   ########  #########  ######  ######
     ##        ##  ##    ##  ##       ##     ## ##     ##       ## ##
     ##       #### ##     ## ######## ########  ##     ##  ######  ########

You're about to initialize a Firebase project in this directory:

  /home/neosoft/chatbot

Before we get started, keep in mind:

  * You are initializing within an existing Firebase project directory

[info] 
=== Project Setup
[info] 
[info] First, let's associate this project directory with a Firebase project.
[info] You can create multiple project aliases by running firebase use --add, 
[info] but for now we'll just set up a default project.
[info] 
[debug] [2023-03-20T09:51:04.492Z] Using project from CLI flag: ankitg
[debug] [2023-03-20T09:51:04.496Z] >>> [apiv2][query] GET https://firebase.googleapis.com/v1beta1/projects/ankitg [none]
[debug] [2023-03-20T09:51:05.043Z] <<< [apiv2][status] GET https://firebase.googleapis.com/v1beta1/projects/ankitg 200
[debug] [2023-03-20T09:51:05.044Z] <<< [apiv2][body] GET https://firebase.googleapis.com/v1beta1/projects/ankitg {"projectId":"ankitg","projectNumber":"370197952571","displayName":"ankitg","name":"projects/ankitg","resources":{"hostingSite":"ankitg"},"state":"ACTIVE","etag":"1_e57e0613-5a75-4578-bdc2-8d4316aa48df"}
[info] i  Using project ankitg (ankitg) 
[info] 
=== Hosting:github Setup
[info] 
[info] i  Detected a .git folder at /home/neosoft 
[info] i  Authorizing with GitHub to upload your service account to a GitHub repository's secrets store. 
[info] 
[info] Visit this URL on this device to log in:
[info] https://github.com/login/oauth/authorize?client_id=89cf50f02ac6aaed3484&state=353544682&redirect_uri=http%3A%2F%2Flocalhost%3A9005&scope=read%3Auser%20repo%20public_repo
[info] 
[info] Waiting for authentication...
[debug] [2023-03-20T09:51:13.840Z] >>> [apiv2][query] POST https://github.com/login/oauth/access_token [none]
[debug] [2023-03-20T09:51:13.844Z] >>> [apiv2][body] POST https://github.com/login/oauth/access_token [stream]
[debug] [2023-03-20T09:51:14.503Z] <<< [apiv2][status] POST https://github.com/login/oauth/access_token 200
[debug] [2023-03-20T09:51:14.503Z] <<< [apiv2][body] POST https://github.com/login/oauth/access_token {"access_token":"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","token_type":"bearer","scope":"read:user,repo"}
[debug] [2023-03-20T09:51:14.531Z] >>> [apiv2][query] GET https://api.github.com/user [none]
[debug] [2023-03-20T09:51:15.461Z] <<< [apiv2][status] GET https://api.github.com/user 200
[debug] [2023-03-20T09:51:15.461Z] <<< [apiv2][body] GET https://api.github.com/user {"login":"Ankitneo","id":108730639,"node_id":"U_kgDOBnsZDw","avatar_url":"https://avatars.githubusercontent.com/u/108730639?v=4","gravatar_id":"","url":"https://api.github.com/users/Ankitneo","html_url":"https://github.com/Ankitneo","followers_url":"https://api.github.com/users/Ankitneo/followers","following_url":"https://api.github.com/users/Ankitneo/following{/other_user}","gists_url":"https://api.github.com/users/Ankitneo/gists{/gist_id}","starred_url":"https://api.github.com/users/Ankitneo/starred{/owner}{/repo}","subscriptions_url":"https://api.github.com/users/Ankitneo/subscriptions","organizations_url":"https://api.github.com/users/Ankitneo/orgs","repos_url":"https://api.github.com/users/Ankitneo/repos","events_url":"https://api.github.com/users/Ankitneo/events{/privacy}","received_events_url":"https://api.github.com/users/Ankitneo/received_events","type":"User","site_admin":false,"name":null,"company":null,"blog":"","location":null,"email":null,"hireable":null,"bio":null,"twitter_username":null,"public_repos":2,"public_gists":0,"followers":0,"following":0,"created_at":"2022-07-05T10:22:06Z","updated_at":"2023-02-28T09:30:13Z","private_gists":0,"total_private_repos":28,"owned_private_repos":28,"disk_usage":124635,"collaborators":0,"two_factor_authentication":false,"plan":{"name":"free","space":976562499,"collaborators":0,"private_repos":10000}}
[info] 
[info] ✔  Success! Logged into GitHub as Ankitneo 
[info] 
[debug] [2023-03-20T09:51:28.493Z] >>> [apiv2][query] GET https://api.github.com/repos//actions/secrets/public-key type=owner
[debug] [2023-03-20T09:51:28.987Z] <<< [apiv2][status] GET https://api.github.com/repos//actions/secrets/public-key 404
[debug] [2023-03-20T09:51:28.988Z] <<< [apiv2][body] GET https://api.github.com/repos//actions/secrets/public-key {"message":"Not Found","documentation_url":"https://docs.github.com/rest"}
